C:\USERS\MARIOSBIKOS\DROPBOX\DIPLOMA_THESIS_BIKOS\[1] MAINPROGRAM-THESIS\AR_CHESS_ARUCO_1\AR_CHESS_ARUCO_1\DEBUG\AR_CHESS_ARUCO_1.EXE.EMBED.MANIFEST
C:\USERS\MARIOSBIKOS\DROPBOX\DIPLOMA_THESIS_BIKOS\[1] MAINPROGRAM-THESIS\AR_CHESS_ARUCO_1\AR_CHESS_ARUCO_1\DEBUG\AR_CHESS_ARUCO_1.EXE.EMBED.MANIFEST.RES
C:\USERS\MARIOSBIKOS\DROPBOX\DIPLOMA_THESIS_BIKOS\[1] MAINPROGRAM-THESIS\AR_CHESS_ARUCO_1\AR_CHESS_ARUCO_1\DEBUG\AR_CHESS_ARUCO_1.EXE.INTERMEDIATE.MANIFEST
C:\USERS\MARIOSBIKOS\DROPBOX\DIPLOMA_THESIS_BIKOS\[1] MAINPROGRAM-THESIS\AR_CHESS_ARUCO_1\AR_CHESS_ARUCO_1\DEBUG\AR_CHESS_ARUCO_1.OBJ
C:\Users\mariosbikos\Dropbox\Diploma_Thesis_Bikos\[1] MainProgram-Thesis\ar_chess_aruco_1\ar_chess_aruco_1\Debug\ar_chess_aruco_1.vcxprojResolveAssemblyReference.cache
C:\Users\mariosbikos\Dropbox\Diploma_Thesis_Bikos\[1] MainProgram-Thesis\ar_chess_aruco_1\ar_chess_aruco_1\Debug\ar_chess_aruco_1.write.1.tlog
C:\Users\mariosbikos\Dropbox\Diploma_Thesis_Bikos\[1] MainProgram-Thesis\ar_chess_aruco_1\ar_chess_aruco_1\Debug\ar_chess_aruco_1_manifest.rc
C:\Users\mariosbikos\Dropbox\Diploma_Thesis_Bikos\[1] MainProgram-Thesis\ar_chess_aruco_1\ar_chess_aruco_1\Debug\cl.command.1.tlog
C:\Users\mariosbikos\Dropbox\Diploma_Thesis_Bikos\[1] MainProgram-Thesis\ar_chess_aruco_1\ar_chess_aruco_1\Debug\CL.read.1.tlog
C:\Users\mariosbikos\Dropbox\Diploma_Thesis_Bikos\[1] MainProgram-Thesis\ar_chess_aruco_1\ar_chess_aruco_1\Debug\CL.write.1.tlog
C:\USERS\MARIOSBIKOS\DROPBOX\DIPLOMA_THESIS_BIKOS\[1] MAINPROGRAM-THESIS\AR_CHESS_ARUCO_1\AR_CHESS_ARUCO_1\DEBUG\DELETEALLOCATIONS.OBJ
C:\USERS\MARIOSBIKOS\DROPBOX\DIPLOMA_THESIS_BIKOS\[1] MAINPROGRAM-THESIS\AR_CHESS_ARUCO_1\AR_CHESS_ARUCO_1\DEBUG\KEYBOARD.OBJ
C:\USERS\MARIOSBIKOS\DROPBOX\DIPLOMA_THESIS_BIKOS\[1] MAINPROGRAM-THESIS\AR_CHESS_ARUCO_1\AR_CHESS_ARUCO_1\DEBUG\KEYBOARDFUNCTION.OBJ
C:\Users\mariosbikos\Dropbox\Diploma_Thesis_Bikos\[1] MainProgram-Thesis\ar_chess_aruco_1\ar_chess_aruco_1\Debug\link.1928.read.1.tlog
C:\Users\mariosbikos\Dropbox\Diploma_Thesis_Bikos\[1] MainProgram-Thesis\ar_chess_aruco_1\ar_chess_aruco_1\Debug\link.1928.write.1.tlog
C:\Users\mariosbikos\Dropbox\Diploma_Thesis_Bikos\[1] MainProgram-Thesis\ar_chess_aruco_1\ar_chess_aruco_1\Debug\link.1928-cvtres.read.1.tlog
C:\Users\mariosbikos\Dropbox\Diploma_Thesis_Bikos\[1] MainProgram-Thesis\ar_chess_aruco_1\ar_chess_aruco_1\Debug\link.1928-cvtres.write.1.tlog
C:\Users\mariosbikos\Dropbox\Diploma_Thesis_Bikos\[1] MainProgram-Thesis\ar_chess_aruco_1\ar_chess_aruco_1\Debug\link.2852.read.1.tlog
C:\Users\mariosbikos\Dropbox\Diploma_Thesis_Bikos\[1] MainProgram-Thesis\ar_chess_aruco_1\ar_chess_aruco_1\Debug\link.2852.write.1.tlog
C:\Users\mariosbikos\Dropbox\Diploma_Thesis_Bikos\[1] MainProgram-Thesis\ar_chess_aruco_1\ar_chess_aruco_1\Debug\link.2852-cvtres.read.1.tlog
C:\Users\mariosbikos\Dropbox\Diploma_Thesis_Bikos\[1] MainProgram-Thesis\ar_chess_aruco_1\ar_chess_aruco_1\Debug\link.2852-cvtres.write.1.tlog
C:\Users\mariosbikos\Dropbox\Diploma_Thesis_Bikos\[1] MainProgram-Thesis\ar_chess_aruco_1\ar_chess_aruco_1\Debug\link.3324.read.1.tlog
C:\Users\mariosbikos\Dropbox\Diploma_Thesis_Bikos\[1] MainProgram-Thesis\ar_chess_aruco_1\ar_chess_aruco_1\Debug\link.3324.write.1.tlog
C:\Users\mariosbikos\Dropbox\Diploma_Thesis_Bikos\[1] MainProgram-Thesis\ar_chess_aruco_1\ar_chess_aruco_1\Debug\link.3324-cvtres.read.1.tlog
C:\Users\mariosbikos\Dropbox\Diploma_Thesis_Bikos\[1] MainProgram-Thesis\ar_chess_aruco_1\ar_chess_aruco_1\Debug\link.3324-cvtres.write.1.tlog
C:\Users\mariosbikos\Dropbox\Diploma_Thesis_Bikos\[1] MainProgram-Thesis\ar_chess_aruco_1\ar_chess_aruco_1\Debug\link.4084.read.1.tlog
C:\Users\mariosbikos\Dropbox\Diploma_Thesis_Bikos\[1] MainProgram-Thesis\ar_chess_aruco_1\ar_chess_aruco_1\Debug\link.4084.write.1.tlog
C:\Users\mariosbikos\Dropbox\Diploma_Thesis_Bikos\[1] MainProgram-Thesis\ar_chess_aruco_1\ar_chess_aruco_1\Debug\link.4084-cvtres.read.1.tlog
C:\Users\mariosbikos\Dropbox\Diploma_Thesis_Bikos\[1] MainProgram-Thesis\ar_chess_aruco_1\ar_chess_aruco_1\Debug\link.4084-cvtres.write.1.tlog
C:\Users\mariosbikos\Dropbox\Diploma_Thesis_Bikos\[1] MainProgram-Thesis\ar_chess_aruco_1\ar_chess_aruco_1\Debug\link.4104.read.1.tlog
C:\Users\mariosbikos\Dropbox\Diploma_Thesis_Bikos\[1] MainProgram-Thesis\ar_chess_aruco_1\ar_chess_aruco_1\Debug\link.4104.write.1.tlog
C:\Users\mariosbikos\Dropbox\Diploma_Thesis_Bikos\[1] MainProgram-Thesis\ar_chess_aruco_1\ar_chess_aruco_1\Debug\link.4104-cvtres.read.1.tlog
C:\Users\mariosbikos\Dropbox\Diploma_Thesis_Bikos\[1] MainProgram-Thesis\ar_chess_aruco_1\ar_chess_aruco_1\Debug\link.4104-cvtres.write.1.tlog
C:\Users\mariosbikos\Dropbox\Diploma_Thesis_Bikos\[1] MainProgram-Thesis\ar_chess_aruco_1\ar_chess_aruco_1\Debug\link.4852.read.1.tlog
C:\Users\mariosbikos\Dropbox\Diploma_Thesis_Bikos\[1] MainProgram-Thesis\ar_chess_aruco_1\ar_chess_aruco_1\Debug\link.4852.write.1.tlog
C:\Users\mariosbikos\Dropbox\Diploma_Thesis_Bikos\[1] MainProgram-Thesis\ar_chess_aruco_1\ar_chess_aruco_1\Debug\link.4852-cvtres.read.1.tlog
C:\Users\mariosbikos\Dropbox\Diploma_Thesis_Bikos\[1] MainProgram-Thesis\ar_chess_aruco_1\ar_chess_aruco_1\Debug\link.4852-cvtres.write.1.tlog
C:\Users\mariosbikos\Dropbox\Diploma_Thesis_Bikos\[1] MainProgram-Thesis\ar_chess_aruco_1\ar_chess_aruco_1\Debug\link.5004.read.1.tlog
C:\Users\mariosbikos\Dropbox\Diploma_Thesis_Bikos\[1] MainProgram-Thesis\ar_chess_aruco_1\ar_chess_aruco_1\Debug\link.5004.write.1.tlog
C:\Users\mariosbikos\Dropbox\Diploma_Thesis_Bikos\[1] MainProgram-Thesis\ar_chess_aruco_1\ar_chess_aruco_1\Debug\link.5004-cvtres.read.1.tlog
C:\Users\mariosbikos\Dropbox\Diploma_Thesis_Bikos\[1] MainProgram-Thesis\ar_chess_aruco_1\ar_chess_aruco_1\Debug\link.5004-cvtres.write.1.tlog
C:\Users\mariosbikos\Dropbox\Diploma_Thesis_Bikos\[1] MainProgram-Thesis\ar_chess_aruco_1\ar_chess_aruco_1\Debug\link.5716.read.1.tlog
C:\Users\mariosbikos\Dropbox\Diploma_Thesis_Bikos\[1] MainProgram-Thesis\ar_chess_aruco_1\ar_chess_aruco_1\Debug\link.5716.write.1.tlog
C:\Users\mariosbikos\Dropbox\Diploma_Thesis_Bikos\[1] MainProgram-Thesis\ar_chess_aruco_1\ar_chess_aruco_1\Debug\link.5716-cvtres.read.1.tlog
C:\Users\mariosbikos\Dropbox\Diploma_Thesis_Bikos\[1] MainProgram-Thesis\ar_chess_aruco_1\ar_chess_aruco_1\Debug\link.5716-cvtres.write.1.tlog
C:\Users\mariosbikos\Dropbox\Diploma_Thesis_Bikos\[1] MainProgram-Thesis\ar_chess_aruco_1\ar_chess_aruco_1\Debug\link.5996.read.1.tlog
C:\Users\mariosbikos\Dropbox\Diploma_Thesis_Bikos\[1] MainProgram-Thesis\ar_chess_aruco_1\ar_chess_aruco_1\Debug\link.5996.write.1.tlog
C:\Users\mariosbikos\Dropbox\Diploma_Thesis_Bikos\[1] MainProgram-Thesis\ar_chess_aruco_1\ar_chess_aruco_1\Debug\link.5996-cvtres.read.1.tlog
C:\Users\mariosbikos\Dropbox\Diploma_Thesis_Bikos\[1] MainProgram-Thesis\ar_chess_aruco_1\ar_chess_aruco_1\Debug\link.5996-cvtres.write.1.tlog
C:\Users\mariosbikos\Dropbox\Diploma_Thesis_Bikos\[1] MainProgram-Thesis\ar_chess_aruco_1\ar_chess_aruco_1\Debug\link.6588.read.1.tlog
C:\Users\mariosbikos\Dropbox\Diploma_Thesis_Bikos\[1] MainProgram-Thesis\ar_chess_aruco_1\ar_chess_aruco_1\Debug\link.6588.write.1.tlog
C:\Users\mariosbikos\Dropbox\Diploma_Thesis_Bikos\[1] MainProgram-Thesis\ar_chess_aruco_1\ar_chess_aruco_1\Debug\link.6588-cvtres.read.1.tlog
C:\Users\mariosbikos\Dropbox\Diploma_Thesis_Bikos\[1] MainProgram-Thesis\ar_chess_aruco_1\ar_chess_aruco_1\Debug\link.6588-cvtres.write.1.tlog
C:\Users\mariosbikos\Dropbox\Diploma_Thesis_Bikos\[1] MainProgram-Thesis\ar_chess_aruco_1\ar_chess_aruco_1\Debug\link.6676.read.1.tlog
C:\Users\mariosbikos\Dropbox\Diploma_Thesis_Bikos\[1] MainProgram-Thesis\ar_chess_aruco_1\ar_chess_aruco_1\Debug\link.6676.write.1.tlog
C:\Users\mariosbikos\Dropbox\Diploma_Thesis_Bikos\[1] MainProgram-Thesis\ar_chess_aruco_1\ar_chess_aruco_1\Debug\link.6676-cvtres.read.1.tlog
C:\Users\mariosbikos\Dropbox\Diploma_Thesis_Bikos\[1] MainProgram-Thesis\ar_chess_aruco_1\ar_chess_aruco_1\Debug\link.6676-cvtres.write.1.tlog
C:\Users\mariosbikos\Dropbox\Diploma_Thesis_Bikos\[1] MainProgram-Thesis\ar_chess_aruco_1\ar_chess_aruco_1\Debug\link.6724.read.1.tlog
C:\Users\mariosbikos\Dropbox\Diploma_Thesis_Bikos\[1] MainProgram-Thesis\ar_chess_aruco_1\ar_chess_aruco_1\Debug\link.6724.write.1.tlog
C:\Users\mariosbikos\Dropbox\Diploma_Thesis_Bikos\[1] MainProgram-Thesis\ar_chess_aruco_1\ar_chess_aruco_1\Debug\link.6724-cvtres.read.1.tlog
C:\Users\mariosbikos\Dropbox\Diploma_Thesis_Bikos\[1] MainProgram-Thesis\ar_chess_aruco_1\ar_chess_aruco_1\Debug\link.6724-cvtres.write.1.tlog
C:\Users\mariosbikos\Dropbox\Diploma_Thesis_Bikos\[1] MainProgram-Thesis\ar_chess_aruco_1\ar_chess_aruco_1\Debug\link.6880.read.1.tlog
C:\Users\mariosbikos\Dropbox\Diploma_Thesis_Bikos\[1] MainProgram-Thesis\ar_chess_aruco_1\ar_chess_aruco_1\Debug\link.6880.write.1.tlog
C:\Users\mariosbikos\Dropbox\Diploma_Thesis_Bikos\[1] MainProgram-Thesis\ar_chess_aruco_1\ar_chess_aruco_1\Debug\link.6880-cvtres.read.1.tlog
C:\Users\mariosbikos\Dropbox\Diploma_Thesis_Bikos\[1] MainProgram-Thesis\ar_chess_aruco_1\ar_chess_aruco_1\Debug\link.6880-cvtres.write.1.tlog
C:\Users\mariosbikos\Dropbox\Diploma_Thesis_Bikos\[1] MainProgram-Thesis\ar_chess_aruco_1\ar_chess_aruco_1\Debug\link.6900.read.1.tlog
C:\Users\mariosbikos\Dropbox\Diploma_Thesis_Bikos\[1] MainProgram-Thesis\ar_chess_aruco_1\ar_chess_aruco_1\Debug\link.6900.write.1.tlog
C:\Users\mariosbikos\Dropbox\Diploma_Thesis_Bikos\[1] MainProgram-Thesis\ar_chess_aruco_1\ar_chess_aruco_1\Debug\link.6900-cvtres.read.1.tlog
C:\Users\mariosbikos\Dropbox\Diploma_Thesis_Bikos\[1] MainProgram-Thesis\ar_chess_aruco_1\ar_chess_aruco_1\Debug\link.6900-cvtres.write.1.tlog
C:\Users\mariosbikos\Dropbox\Diploma_Thesis_Bikos\[1] MainProgram-Thesis\ar_chess_aruco_1\ar_chess_aruco_1\Debug\link.6968.read.1.tlog
C:\Users\mariosbikos\Dropbox\Diploma_Thesis_Bikos\[1] MainProgram-Thesis\ar_chess_aruco_1\ar_chess_aruco_1\Debug\link.6968.write.1.tlog
C:\Users\mariosbikos\Dropbox\Diploma_Thesis_Bikos\[1] MainProgram-Thesis\ar_chess_aruco_1\ar_chess_aruco_1\Debug\link.6968-cvtres.read.1.tlog
C:\Users\mariosbikos\Dropbox\Diploma_Thesis_Bikos\[1] MainProgram-Thesis\ar_chess_aruco_1\ar_chess_aruco_1\Debug\link.6968-cvtres.write.1.tlog
C:\Users\mariosbikos\Dropbox\Diploma_Thesis_Bikos\[1] MainProgram-Thesis\ar_chess_aruco_1\ar_chess_aruco_1\Debug\link.972.read.1.tlog
C:\Users\mariosbikos\Dropbox\Diploma_Thesis_Bikos\[1] MainProgram-Thesis\ar_chess_aruco_1\ar_chess_aruco_1\Debug\link.972.write.1.tlog
C:\Users\mariosbikos\Dropbox\Diploma_Thesis_Bikos\[1] MainProgram-Thesis\ar_chess_aruco_1\ar_chess_aruco_1\Debug\link.972-cvtres.read.1.tlog
C:\Users\mariosbikos\Dropbox\Diploma_Thesis_Bikos\[1] MainProgram-Thesis\ar_chess_aruco_1\ar_chess_aruco_1\Debug\link.972-cvtres.write.1.tlog
C:\Users\mariosbikos\Dropbox\Diploma_Thesis_Bikos\[1] MainProgram-Thesis\ar_chess_aruco_1\ar_chess_aruco_1\Debug\link.command.1.tlog
C:\Users\mariosbikos\Dropbox\Diploma_Thesis_Bikos\[1] MainProgram-Thesis\ar_chess_aruco_1\ar_chess_aruco_1\Debug\link.read.1.tlog
C:\Users\mariosbikos\Dropbox\Diploma_Thesis_Bikos\[1] MainProgram-Thesis\ar_chess_aruco_1\ar_chess_aruco_1\Debug\link.write.1.tlog
C:\Users\mariosbikos\Dropbox\Diploma_Thesis_Bikos\[1] MainProgram-Thesis\ar_chess_aruco_1\ar_chess_aruco_1\Debug\link-cvtres.read.1.tlog
C:\Users\mariosbikos\Dropbox\Diploma_Thesis_Bikos\[1] MainProgram-Thesis\ar_chess_aruco_1\ar_chess_aruco_1\Debug\link-cvtres.write.1.tlog
C:\Users\mariosbikos\Dropbox\Diploma_Thesis_Bikos\[1] MainProgram-Thesis\ar_chess_aruco_1\ar_chess_aruco_1\Debug\mt.command.1.tlog
C:\Users\mariosbikos\Dropbox\Diploma_Thesis_Bikos\[1] MainProgram-Thesis\ar_chess_aruco_1\ar_chess_aruco_1\Debug\mt.read.1.tlog
C:\Users\mariosbikos\Dropbox\Diploma_Thesis_Bikos\[1] MainProgram-Thesis\ar_chess_aruco_1\ar_chess_aruco_1\Debug\mt.write.1.tlog
C:\USERS\MARIOSBIKOS\DROPBOX\DIPLOMA_THESIS_BIKOS\[1] MAINPROGRAM-THESIS\AR_CHESS_ARUCO_1\AR_CHESS_ARUCO_1\DEBUG\OTINANAI.OBJ
C:\USERS\MARIOSBIKOS\DROPBOX\DIPLOMA_THESIS_BIKOS\[1] MAINPROGRAM-THESIS\AR_CHESS_ARUCO_1\AR_CHESS_ARUCO_1\DEBUG\PRINTOUT.OBJ
C:\Users\mariosbikos\Dropbox\Diploma_Thesis_Bikos\[1] MainProgram-Thesis\ar_chess_aruco_1\ar_chess_aruco_1\Debug\rc.command.1.tlog
C:\Users\mariosbikos\Dropbox\Diploma_Thesis_Bikos\[1] MainProgram-Thesis\ar_chess_aruco_1\ar_chess_aruco_1\Debug\rc.read.1.tlog
C:\Users\mariosbikos\Dropbox\Diploma_Thesis_Bikos\[1] MainProgram-Thesis\ar_chess_aruco_1\ar_chess_aruco_1\Debug\rc.write.1.tlog
C:\USERS\MARIOSBIKOS\DROPBOX\DIPLOMA_THESIS_BIKOS\[1] MAINPROGRAM-THESIS\AR_CHESS_ARUCO_1\AR_CHESS_ARUCO_1\DEBUG\READARGUMENTS.OBJ
C:\Users\mariosbikos\Dropbox\Diploma_Thesis_Bikos\[1] MainProgram-Thesis\ar_chess_aruco_1\ar_chess_aruco_1\Debug\vc100.idb
C:\USERS\MARIOSBIKOS\DROPBOX\DIPLOMA_THESIS_BIKOS\[1] MAINPROGRAM-THESIS\AR_CHESS_ARUCO_1\AR_CHESS_ARUCO_1\DEBUG\VC100.PDB
C:\USERS\MARIOSBIKOS\DROPBOX\DIPLOMA_THESIS_BIKOS\[1] MAINPROGRAM-THESIS\AR_CHESS_ARUCO_1\DEBUG\AR_CHESS_ARUCO_1.EXE
C:\Users\mariosbikos\Dropbox\Diploma_Thesis_Bikos\[1] MainProgram-Thesis\ar_chess_aruco_1\Debug\ar_chess_aruco_1.exp
C:\USERS\MARIOSBIKOS\DROPBOX\DIPLOMA_THESIS_BIKOS\[1] MAINPROGRAM-THESIS\AR_CHESS_ARUCO_1\DEBUG\AR_CHESS_ARUCO_1.ILK
C:\Users\mariosbikos\Dropbox\Diploma_Thesis_Bikos\[1] MainProgram-Thesis\ar_chess_aruco_1\Debug\ar_chess_aruco_1.lib
C:\USERS\MARIOSBIKOS\DROPBOX\DIPLOMA_THESIS_BIKOS\[1] MAINPROGRAM-THESIS\AR_CHESS_ARUCO_1\DEBUG\AR_CHESS_ARUCO_1.PDB
