C:\USERS\MARIOSBIKOS\DROPBOX\DIPLOMA_THESIS_BIKOS\[1] MAINPROGRAM-THESIS\AR_CHESS_ARUCO_1\AR_CHESS_ARUCO_1\RELEASE\AR_CHESS_ARUCO_1.EXE.INTERMEDIATE.MANIFEST
C:\USERS\MARIOSBIKOS\DROPBOX\DIPLOMA_THESIS_BIKOS\[1] MAINPROGRAM-THESIS\AR_CHESS_ARUCO_1\AR_CHESS_ARUCO_1\RELEASE\AR_CHESS_ARUCO_1.OBJ
C:\Users\mariosbikos\Dropbox\Diploma_Thesis_Bikos\[1] MainProgram-Thesis\ar_chess_aruco_1\ar_chess_aruco_1\Release\ar_chess_aruco_1.vcxprojResolveAssemblyReference.cache
C:\Users\mariosbikos\Dropbox\Diploma_Thesis_Bikos\[1] MainProgram-Thesis\ar_chess_aruco_1\ar_chess_aruco_1\Release\ar_chess_aruco_1.write.1.tlog
C:\Users\mariosbikos\Dropbox\Diploma_Thesis_Bikos\[1] MainProgram-Thesis\ar_chess_aruco_1\ar_chess_aruco_1\Release\cl.command.1.tlog
C:\Users\mariosbikos\Dropbox\Diploma_Thesis_Bikos\[1] MainProgram-Thesis\ar_chess_aruco_1\ar_chess_aruco_1\Release\CL.read.1.tlog
C:\Users\mariosbikos\Dropbox\Diploma_Thesis_Bikos\[1] MainProgram-Thesis\ar_chess_aruco_1\ar_chess_aruco_1\Release\CL.write.1.tlog
C:\USERS\MARIOSBIKOS\DROPBOX\DIPLOMA_THESIS_BIKOS\[1] MAINPROGRAM-THESIS\AR_CHESS_ARUCO_1\AR_CHESS_ARUCO_1\RELEASE\COPYSTREAMSTOMATS.OBJ
C:\USERS\MARIOSBIKOS\DROPBOX\DIPLOMA_THESIS_BIKOS\[1] MAINPROGRAM-THESIS\AR_CHESS_ARUCO_1\AR_CHESS_ARUCO_1\RELEASE\DELETEALLOCATIONS.OBJ
C:\USERS\MARIOSBIKOS\DROPBOX\DIPLOMA_THESIS_BIKOS\[1] MAINPROGRAM-THESIS\AR_CHESS_ARUCO_1\AR_CHESS_ARUCO_1\RELEASE\KEYBOARD.OBJ
C:\USERS\MARIOSBIKOS\DROPBOX\DIPLOMA_THESIS_BIKOS\[1] MAINPROGRAM-THESIS\AR_CHESS_ARUCO_1\AR_CHESS_ARUCO_1\RELEASE\KEYBOARDCONTROLS.OBJ
C:\USERS\MARIOSBIKOS\DROPBOX\DIPLOMA_THESIS_BIKOS\[1] MAINPROGRAM-THESIS\AR_CHESS_ARUCO_1\AR_CHESS_ARUCO_1\RELEASE\KEYBOARDFUNCTION.OBJ
C:\Users\mariosbikos\Dropbox\Diploma_Thesis_Bikos\[1] MainProgram-Thesis\ar_chess_aruco_1\ar_chess_aruco_1\Release\link.command.1.tlog
C:\Users\mariosbikos\Dropbox\Diploma_Thesis_Bikos\[1] MainProgram-Thesis\ar_chess_aruco_1\ar_chess_aruco_1\Release\link.read.1.tlog
C:\Users\mariosbikos\Dropbox\Diploma_Thesis_Bikos\[1] MainProgram-Thesis\ar_chess_aruco_1\ar_chess_aruco_1\Release\link.write.1.tlog
C:\Users\mariosbikos\Dropbox\Diploma_Thesis_Bikos\[1] MainProgram-Thesis\ar_chess_aruco_1\ar_chess_aruco_1\Release\mt.command.1.tlog
C:\Users\mariosbikos\Dropbox\Diploma_Thesis_Bikos\[1] MainProgram-Thesis\ar_chess_aruco_1\ar_chess_aruco_1\Release\mt.read.1.tlog
C:\Users\mariosbikos\Dropbox\Diploma_Thesis_Bikos\[1] MainProgram-Thesis\ar_chess_aruco_1\ar_chess_aruco_1\Release\mt.write.1.tlog
C:\USERS\MARIOSBIKOS\DROPBOX\DIPLOMA_THESIS_BIKOS\[1] MAINPROGRAM-THESIS\AR_CHESS_ARUCO_1\AR_CHESS_ARUCO_1\RELEASE\READARGUMENTS.OBJ
C:\USERS\MARIOSBIKOS\DROPBOX\DIPLOMA_THESIS_BIKOS\[1] MAINPROGRAM-THESIS\AR_CHESS_ARUCO_1\AR_CHESS_ARUCO_1\RELEASE\RESIZEGL.OBJ
C:\USERS\MARIOSBIKOS\DROPBOX\DIPLOMA_THESIS_BIKOS\[1] MAINPROGRAM-THESIS\AR_CHESS_ARUCO_1\AR_CHESS_ARUCO_1\RELEASE\SETTINGS.OBJ
C:\USERS\MARIOSBIKOS\DROPBOX\DIPLOMA_THESIS_BIKOS\[1] MAINPROGRAM-THESIS\AR_CHESS_ARUCO_1\AR_CHESS_ARUCO_1\RELEASE\SETUPGL.OBJ
C:\USERS\MARIOSBIKOS\DROPBOX\DIPLOMA_THESIS_BIKOS\[1] MAINPROGRAM-THESIS\AR_CHESS_ARUCO_1\AR_CHESS_ARUCO_1\RELEASE\VC100.PDB
C:\USERS\MARIOSBIKOS\DROPBOX\DIPLOMA_THESIS_BIKOS\[1] MAINPROGRAM-THESIS\AR_CHESS_ARUCO_1\RELEASE\AR_CHESS_ARUCO_1.EXE
C:\Users\mariosbikos\Dropbox\Diploma_Thesis_Bikos\[1] MainProgram-Thesis\ar_chess_aruco_1\Release\ar_chess_aruco_1.exp
C:\Users\mariosbikos\Dropbox\Diploma_Thesis_Bikos\[1] MainProgram-Thesis\ar_chess_aruco_1\Release\ar_chess_aruco_1.lib
C:\USERS\MARIOSBIKOS\DROPBOX\DIPLOMA_THESIS_BIKOS\[1] MAINPROGRAM-THESIS\AR_CHESS_ARUCO_1\RELEASE\AR_CHESS_ARUCO_1.PDB
